<?xml version="1.0" encoding="UTF-8"?>
<!-- Generated by org.testng.reporters.JUnitReportReporter -->
<testsuite hostname="DESKTOP-7EGM0FB" failures="0" tests="1" name="com.inetbanking.testCases.TC_AddcustomerTest_003" time="21.736" errors="0" timestamp="2023-04-26T14:05:14 IST" skipped="0">
  <testcase classname="com.inetbanking.testCases.TC_AddcustomerTest_003" name="addNewCustomer" time="21.736"/>
  <system-out/>
</testsuite> <!-- com.inetbanking.testCases.TC_AddcustomerTest_003 -->
